<?xml version="1.0" encoding="UTF-8"?>
<testsuite name="ContactTest" tests="2" skipped="0" failures="0" errors="0" timestamp="2016-09-19T23:46:37" hostname="epicodus-108.local" time="0.082">
  <properties/>
  <testcase name="getName_contactInstantiatesWithName_Home" classname="ContactTest" time="0.077"/>
  <testcase name="contact_instantiatesCorrectly_true" classname="ContactTest" time="0.005"/>
  <system-out><![CDATA[]]></system-out>
  <system-err><![CDATA[]]></system-err>
</testsuite>
